{ "timestamp": "2024-03-12T10:30:45.123Z", "level": "INFO", "message": "User logged in", "user": "john.doe" }
{ "timestamp": "2024-03-12T10:32:15.456Z", "level": "ERROR", "message": "Failed to process request", "user": "jane.smith", "error": "Invalid input" }
{ "timestamp": "2024-03-12T10:35:20.789Z", "level": "WARN", "message": "Access denied", "user": "john.doe", "action": "delete", "resource": "file.txt" }
{ "timestamp": "2024-03-12T11:12:34.567Z", "level": "INFO", "message": "User registered", "user": "alice" }
{ "timestamp": "2024-03-12T11:15:43.210Z", "level": "DEBUG", "message": "Processing request", "user": "bob", "request_id": "123456" }
{ "timestamp": "2024-03-12T11:18:59.876Z", "level": "WARN", "message": "Access denied", "user": "alice", "action": "read", "resource": "document.docx" }
{ "timestamp": "2024-03-12T11:22:01.234Z", "level": "ERROR", "message": "Database connection failed", "error": "Connection timeout" }
{ "timestamp": "2024-03-12T11:25:45.678Z", "level": "INFO", "message": "User logged in", "user": "john.doe" }
{ "timestamp": "2024-03-12T11:28:15.432Z", "level": "DEBUG", "message": "Processing request", "user": "jane.smith", "request_id": "987654" }
{ "timestamp": "2024-03-12T11:31:20.987Z", "level": "WARN", "message": "Access denied", "user": "john.doe", "action": "modify", "resource": "settings" }
{ "timestamp": "2024-03-12T11:35:45.210Z", "level": "ERROR", "message": "Failed to process request", "user": "alice", "error": "Internal server error" }
{ "timestamp": "2024-03-12T11:38:54.321Z", "level": "INFO", "message": "User registered", "user": "bob" }
{ "timestamp": "2024-03-12T11:42:01.765Z", "level": "DEBUG", "message": "Processing request", "user": "jane.smith", "request_id": "654321" }
{ "timestamp": "2024-03-12T11:45:18.902Z", "level": "WARN", "message": "Access denied", "user": "alice", "action": "delete", "resource": "image.jpg" }
{ "timestamp": "2024-03-12T11:48:20.345Z", "level": "ERROR", "message": "Database connection failed", "error": "Authentication error" }
{ "timestamp": "2024-03-12T11:51:45.678Z", "level": "INFO", "message": "User logged in", "user": "john.doe" }
{ "timestamp": "2024-03-12T11:55:15.432Z", "level": "DEBUG", "message": "Processing request", "user": "jane.smith", "request_id": "13579" }
{ "timestamp": "2024-03-12T11:58:30.987Z", "level": "WARN", "message": "Access denied", "user": "john.doe", "action": "read", "resource": "data.csv" }
{ "timestamp": "2024-03-12T12:02:45.321Z", "level": "ERROR", "message": "Failed to process request", "user": "alice", "error": "File not found" }
{ "timestamp": "2024-03-12T12:05:54.654Z", "level": "INFO", "message": "User registered", "user": "bob" }
{ "timestamp": "2024-03-12T12:09:01.098Z", "level": "DEBUG", "message": "Processing request", "user": "jane.smith", "request_id": "24680" }
{ "timestamp": "2024-03-12T12:12:18.543Z", "level": "WARN", "message": "Access denied", "user": "alice", "action": "modify", "resource": "settings" }
{ "timestamp": "2024-03-12T12:15:25.987Z", "level": "ERROR", "message": "Database connection failed", "error": "Connection reset" }
{ "timestamp": "2024-03-12T12:18:45.210Z", "level": "INFO", "message": "User logged in", "user": "john.doe" }
{ "timestamp": "2024-03-12T12:21:15.432Z", "level": "DEBUG", "message": "Processing request", "user": "jane.smith", "request_id": "86420" }
{ "timestamp": "2024-03-12T12:24:30.987Z", "level": "WARN", "message": "Access denied", "user": "john.doe", "action": "delete", "resource": "document.pdf" }
{ "timestamp": "2024-03-12T12:27:40.543Z", "level": "ERROR", "message": "Failed to process request", "user": "alice", "error": "Internal server error" }
{ "timestamp": "2024-03-12T12:30:55.654Z", "level": "INFO", "message": "User registered", "user": "bob" }
{ "timestamp": "2024-03-12T12:34:01.098Z", "level": "DEBUG", "message": "Processing request", "user": "jane.smith", "request_id": "97531" }
{ "timestamp": "2024-03-12T12:37:18.543Z", "level": "WARN", "message": "Access denied", "user": "alice", "action": "read", "resource": "file.txt" }
{ "timestamp": "2024-03-12T12:40:25.987Z", "level": "ERROR", "message": "Failed to process request", "user": "bob", "error": "Invalid input" }
{ "timestamp": "2024-03-12T12:43:45.210Z", "level": "INFO", "message": "User logged in", "user": "john.doe" }
{ "timestamp": "2024-03-12T12:46:15.432Z", "level": "DEBUG", "message": "Processing request", "user": "jane.smith", "request_id": "24680" }
{ "timestamp": "2024-03-12T12:49:30.987Z", "level": "WARN", "message": "Access denied", "user": "john.doe", "action": "modify", "resource": "settings" }
{ "timestamp": "2024-03-12T12:52:45.321Z", "level": "ERROR", "message": "Failed to process request", "user": "alice", "error": "File not found" }
{ "timestamp": "2024-03-12T12:55:54.654Z", "level": "INFO", "message": "User registered", "user": "bob" }
{ "timestamp": "2024-03-12T12:59:01.098Z", "level": "DEBUG", "message": "Processing request", "user": "jane.smith", "request_id": "86420" }
{ "timestamp": "2024-03-12T13:02:18.543Z", "level": "WARN", "message": "Access denied", "user": "alice", "action": "delete", "resource": "image.jpg" }
{ "timestamp": "2024-03-12T13:05:25.987Z", "level": "ERROR", "message": "Failed to process request", "user": "john.doe", "error": "Invalid authentication" }
{ "timestamp": "2024-03-12T13:08:45.210Z", "level": "INFO", "message": "User logged in", "user": "alice