2024-03-18 02:02:22.334 +03:00 [INF] Starting app ...
2024-03-18 02:04:10.301 +03:00 [INF] Starting app ...
2024-03-18 02:04:10.356 +03:00 [FTL] Application Terminate Unexpected
System.DivideByZeroException: Attempted to divide by zero.
   at SerilogTestApp.Program.Main(String[] args) in /Users/Wageh.Ayed/Documents/GitHub/Elasticsearch_samples/SerilogTestApp/Program.cs:line 30
2024-03-18 02:05:46.556 +03:00 [INF] Starting app ...
2024-03-18 02:05:46.605 +03:00 [FTL] Application Terminate Unexpected
System.DivideByZeroException: Attempted to divide by zero.
   at SerilogTestApp.Program.Main(String[] args) in /Users/Wageh.Ayed/Documents/GitHub/Elasticsearch_samples/SerilogTestApp/Program.cs:line 30
2024-03-18 02:10:41.782 +03:00 [INF] Starting app ...
2024-03-18 02:10:41.840 +03:00 [FTL] Application Terminate Unexpected
System.DivideByZeroException: Attempted to divide by zero.
   at SerilogTestApp.Program.Main(String[] args) in /Users/Wageh.Ayed/Documents/GitHub/Elasticsearch_samples/SerilogTestApp/Program.cs:line 30
2024-03-18 02:10:49.032 +03:00 [INF] Starting app ...
2024-03-18 02:10:49.078 +03:00 [FTL] Application Terminate Unexpected
System.DivideByZeroException: Attempted to divide by zero.
   at SerilogTestApp.Program.Main(String[] args) in /Users/Wageh.Ayed/Documents/GitHub/Elasticsearch_samples/SerilogTestApp/Program.cs:line 30
2024-03-18 02:10:51.525 +03:00 [INF] Starting app ...
2024-03-18 02:10:51.570 +03:00 [FTL] Application Terminate Unexpected
System.DivideByZeroException: Attempted to divide by zero.
   at SerilogTestApp.Program.Main(String[] args) in /Users/Wageh.Ayed/Documents/GitHub/Elasticsearch_samples/SerilogTestApp/Program.cs:line 30
2024-03-18 02:10:54.089 +03:00 [INF] Starting app ...
2024-03-18 02:10:54.135 +03:00 [FTL] Application Terminate Unexpected
System.DivideByZeroException: Attempted to divide by zero.
   at SerilogTestApp.Program.Main(String[] args) in /Users/Wageh.Ayed/Documents/GitHub/Elasticsearch_samples/SerilogTestApp/Program.cs:line 30
2024-03-18 02:11:44.371 +03:00 [INF] Starting app ...
2024-03-18 02:11:44.423 +03:00 [FTL] Application Terminate Unexpected
System.DivideByZeroException: Attempted to divide by zero.
   at SerilogTestApp.Program.Main(String[] args) in /Users/Wageh.Ayed/Documents/GitHub/Elasticsearch_samples/SerilogTestApp/Program.cs:line 30
2024-03-18 02:11:44.434 +03:00 [INF] Finishing app ...
2024-03-18 02:24:05.164 +03:00 [INF] Starting app ...
2024-03-18 02:24:05.217 +03:00 [FTL] Application Terminate Unexpected
System.DivideByZeroException: Attempted to divide by zero.
   at SerilogTestApp.Program.Main(String[] args) in /Users/Wageh.Ayed/Documents/GitHub/Elasticsearch_samples/ELK-pipline/SerilogTestApp/Program.cs:line 30
2024-03-18 02:24:05.230 +03:00 [INF] Finishing app ...
2024-03-18 02:24:13.789 +03:00 [INF] Starting app ...
2024-03-18 02:24:13.836 +03:00 [FTL] Application Terminate Unexpected
System.DivideByZeroException: Attempted to divide by zero.
   at SerilogTestApp.Program.Main(String[] args) in /Users/Wageh.Ayed/Documents/GitHub/Elasticsearch_samples/ELK-pipline/SerilogTestApp/Program.cs:line 30
2024-03-18 02:24:13.845 +03:00 [INF] Finishing app ...
2024-03-18 02:24:17.943 +03:00 [INF] Starting app ...
2024-03-18 02:24:17.996 +03:00 [FTL] Application Terminate Unexpected
System.DivideByZeroException: Attempted to divide by zero.
   at SerilogTestApp.Program.Main(String[] args) in /Users/Wageh.Ayed/Documents/GitHub/Elasticsearch_samples/ELK-pipline/SerilogTestApp/Program.cs:line 30
2024-03-18 02:24:18.005 +03:00 [INF] Finishing app ...
2024-03-18 22:56:51.423 +03:00 [INF] Starting app ...
2024-03-18 22:56:51.468 +03:00 [FTL] Application Terminate Unexpected
System.DivideByZeroException: Attempted to divide by zero.
   at SerilogTestApp.Program.Main(String[] args) in /Users/Wageh.Ayed/Documents/GitHub/Elasticsearch_samples/ELK-pipline/SerilogTestApp/Program.cs:line 30
2024-03-18 22:56:51.479 +03:00 [INF] Finishing app ...
2024-03-18 22:56:54.391 +03:00 [INF] Starting app ...
2024-03-18 22:56:54.440 +03:00 [FTL] Application Terminate Unexpected
System.DivideByZeroException: Attempted to divide by zero.
   at SerilogTestApp.Program.Main(String[] args) in /Users/Wageh.Ayed/Documents/GitHub/Elasticsearch_samples/ELK-pipline/SerilogTestApp/Program.cs:line 30
2024-03-18 22:56:54.450 +03:00 [INF] Finishing app ...
2024-03-18 23:08:56.419 +03:00 [INF] Starting app ...
2024-03-18 23:08:56.469 +03:00 [FTL] Application Terminate Unexpected
System.DivideByZeroException: Attempted to divide by zero.
   at SerilogTestApp.Program.Main(String[] args) in /Users/Wageh.Ayed/Documents/GitHub/Elasticsearch_samples/ELK-pipline/SerilogTestApp/Program.cs:line 30
2024-03-18 23:08:56.479 +03:00 [INF] Finishing app ...
2024-03-18 23:09:06.399 +03:00 [INF] Starting app ...
2024-03-18 23:09:06.444 +03:00 [FTL] Application Terminate Unexpected
System.DivideByZeroException: Attempted to divide by zero.
   at SerilogTestApp.Program.Main(String[] args) in /Users/Wageh.Ayed/Documents/GitHub/Elasticsearch_samples/ELK-pipline/SerilogTestApp/Program.cs:line 30
2024-03-18 23:09:06.454 +03:00 [INF] Finishing app ...
2024-03-18 23:10:08.549 +03:00 [INF] Starting app ...
2024-03-18 23:10:08.594 +03:00 [FTL] Application Terminate Unexpected
System.DivideByZeroException: Attempted to divide by zero.
   at SerilogTestApp.Program.Main(String[] args) in /Users/Wageh.Ayed/Documents/GitHub/Elasticsearch_samples/ELK-pipline/SerilogTestApp/Program.cs:line 30
2024-03-18 23:10:08.603 +03:00 [INF] Finishing app ...
2024-03-18 23:12:53.271 +03:00 [INF] Starting app ...
2024-03-18 23:12:53.315 +03:00 [FTL] Application Terminate Unexpected
System.DivideByZeroException: Attempted to divide by zero.
   at SerilogTestApp.Program.Main(String[] args) in /Users/Wageh.Ayed/Documents/GitHub/Elasticsearch_samples/ELK-pipline/SerilogTestApp/Program.cs:line 30
2024-03-18 23:12:53.325 +03:00 [INF] Finishing app ...
2024-03-18 23:27:28.627 +03:00 [INF] Starting app ...
2024-03-18 23:27:28.673 +03:00 [FTL] Application Terminate Unexpected
System.DivideByZeroException: Attempted to divide by zero.
   at SerilogTestApp.Program.Main(String[] args) in /Users/Wageh.Ayed/Documents/GitHub/Elasticsearch_samples/ELK-pipline/SerilogTestApp/Program.cs:line 30
2024-03-18 23:27:28.684 +03:00 [INF] Finishing app ...
2024-03-18 23:34:59.740 +03:00 [INF] Starting app ...
2024-03-18 23:34:59.798 +03:00 [FTL] Application Terminate Unexpected
System.DivideByZeroException: Attempted to divide by zero.
   at SerilogTestApp.Program.Main(String[] args) in /Users/Wageh.Ayed/Documents/GitHub/Elasticsearch_samples/ELK-pipline/SerilogTestApp/Program.cs:line 30
2024-03-18 23:34:59.809 +03:00 [INF] Finishing app ...
